{"/Users/cmorris/Projects/yozu-games-chris/src/components/ButtonContainer.js": {"path":"/Users/cmorris/Projects/yozu-games-chris/src/components/ButtonContainer.js","statementMap":{"0":{"start":{"line":4,"column":24},"end":{"line":32,"column":1}},"1":{"start":{"line":5,"column":52},"end":{"line":5,"column":94}},"2":{"start":{"line":6,"column":54},"end":{"line":6,"column":96}},"3":{"start":{"line":7,"column":60},"end":{"line":7,"column":104}},"4":{"start":{"line":8,"column":62},"end":{"line":8,"column":106}},"5":{"start":{"line":10,"column":24},"end":{"line":24,"column":5}},"6":{"start":{"line":11,"column":8},"end":{"line":11,"column":27}},"7":{"start":{"line":13,"column":8},"end":{"line":23,"column":9}},"8":{"start":{"line":14,"column":12},"end":{"line":14,"column":64}},"9":{"start":{"line":15,"column":12},"end":{"line":15,"column":67}},"10":{"start":{"line":16,"column":12},"end":{"line":16,"column":70}},"11":{"start":{"line":17,"column":12},"end":{"line":17,"column":73}},"12":{"start":{"line":18,"column":15},"end":{"line":23,"column":9}},"13":{"start":{"line":19,"column":12},"end":{"line":19,"column":66}},"14":{"start":{"line":20,"column":12},"end":{"line":20,"column":65}},"15":{"start":{"line":21,"column":12},"end":{"line":21,"column":72}},"16":{"start":{"line":22,"column":12},"end":{"line":22,"column":71}},"17":{"start":{"line":26,"column":4},"end":{"line":31,"column":5}},"18":{"start":{"line":28,"column":73},"end":{"line":28,"column":93}},"19":{"start":{"line":29,"column":74},"end":{"line":29,"column":95}},"20":{"start":{"line":34,"column":15},"end":{"line":64,"column":2}}},"fnMap":{"0":{"name":"(anonymous_0)","decl":{"start":{"line":4,"column":24},"end":{"line":4,"column":25}},"loc":{"start":{"line":4,"column":41},"end":{"line":32,"column":1}},"line":4},"1":{"name":"(anonymous_1)","decl":{"start":{"line":10,"column":24},"end":{"line":10,"column":25}},"loc":{"start":{"line":10,"column":39},"end":{"line":24,"column":5}},"line":10},"2":{"name":"(anonymous_2)","decl":{"start":{"line":28,"column":67},"end":{"line":28,"column":68}},"loc":{"start":{"line":28,"column":73},"end":{"line":28,"column":93}},"line":28},"3":{"name":"(anonymous_3)","decl":{"start":{"line":29,"column":68},"end":{"line":29,"column":69}},"loc":{"start":{"line":29,"column":74},"end":{"line":29,"column":95}},"line":29}},"branchMap":{"0":{"loc":{"start":{"line":13,"column":8},"end":{"line":23,"column":9}},"type":"if","locations":[{"start":{"line":13,"column":8},"end":{"line":23,"column":9}},{"start":{"line":18,"column":15},"end":{"line":23,"column":9}}],"line":13},"1":{"loc":{"start":{"line":18,"column":15},"end":{"line":23,"column":9}},"type":"if","locations":[{"start":{"line":18,"column":15},"end":{"line":23,"column":9}},{"start":{},"end":{}}],"line":18}},"s":{"0":1,"1":4,"2":4,"3":4,"4":4,"5":4,"6":1,"7":1,"8":0,"9":0,"10":0,"11":0,"12":1,"13":1,"14":1,"15":1,"16":1,"17":4,"18":0,"19":1,"20":1},"f":{"0":4,"1":1,"2":0,"3":1},"b":{"0":[0,1],"1":[1,0]},"_coverageSchema":"1a1c01bbd47fc00a2c39e90264f33305004495a9","hash":"fb959b421ac11f54e2b3bfddf099378f6e9f97fb"}
,"/Users/cmorris/Projects/yozu-games-chris/src/components/Card.js": {"path":"/Users/cmorris/Projects/yozu-games-chris/src/components/Card.js","statementMap":{"0":{"start":{"line":6,"column":13},"end":{"line":27,"column":1}},"1":{"start":{"line":8,"column":16},"end":{"line":8,"column":21}},"2":{"start":{"line":9,"column":17},"end":{"line":9,"column":19}},"3":{"start":{"line":10,"column":4},"end":{"line":16,"column":5}},"4":{"start":{"line":11,"column":8},"end":{"line":15,"column":9}},"5":{"start":{"line":12,"column":12},"end":{"line":12,"column":28}},"6":{"start":{"line":14,"column":12},"end":{"line":14,"column":25}},"7":{"start":{"line":18,"column":4},"end":{"line":26,"column":5}},"8":{"start":{"line":29,"column":15},"end":{"line":82,"column":2}}},"fnMap":{"0":{"name":"(anonymous_0)","decl":{"start":{"line":6,"column":13},"end":{"line":6,"column":14}},"loc":{"start":{"line":6,"column":38},"end":{"line":27,"column":1}},"line":6}},"branchMap":{"0":{"loc":{"start":{"line":10,"column":4},"end":{"line":16,"column":5}},"type":"if","locations":[{"start":{"line":10,"column":4},"end":{"line":16,"column":5}},{"start":{},"end":{}}],"line":10},"1":{"loc":{"start":{"line":11,"column":8},"end":{"line":15,"column":9}},"type":"if","locations":[{"start":{"line":11,"column":8},"end":{"line":15,"column":9}},{"start":{"line":13,"column":15},"end":{"line":15,"column":9}}],"line":11},"2":{"loc":{"start":{"line":11,"column":12},"end":{"line":11,"column":55}},"type":"binary-expr","locations":[{"start":{"line":11,"column":12},"end":{"line":11,"column":31}},{"start":{"line":11,"column":35},"end":{"line":11,"column":55}}],"line":11}},"s":{"0":1,"1":39,"2":39,"3":39,"4":39,"5":19,"6":20,"7":39,"8":1},"f":{"0":39},"b":{"0":[39,0],"1":[19,20],"2":[39,26]},"_coverageSchema":"1a1c01bbd47fc00a2c39e90264f33305004495a9","hash":"8c49191972a6e038a1ede8eb93eb00e198b53a60"}
,"/Users/cmorris/Projects/yozu-games-chris/src/components/Stat.js": {"path":"/Users/cmorris/Projects/yozu-games-chris/src/components/Stat.js","statementMap":{"0":{"start":{"line":5,"column":13},"end":{"line":23,"column":1}},"1":{"start":{"line":7,"column":4},"end":{"line":22,"column":5}},"2":{"start":{"line":25,"column":15},"end":{"line":43,"column":2}}},"fnMap":{"0":{"name":"(anonymous_0)","decl":{"start":{"line":5,"column":13},"end":{"line":5,"column":14}},"loc":{"start":{"line":5,"column":49},"end":{"line":23,"column":1}},"line":5}},"branchMap":{"0":{"loc":{"start":{"line":8,"column":8},"end":{"line":21,"column":9}},"type":"cond-expr","locations":[{"start":{"line":9,"column":12},"end":{"line":15,"column":20}},{"start":{"line":17,"column":12},"end":{"line":20,"column":19}}],"line":8}},"s":{"0":1,"1":16,"2":1},"f":{"0":16},"b":{"0":[1,15]},"_coverageSchema":"1a1c01bbd47fc00a2c39e90264f33305004495a9","hash":"28744e59b7a596bbdf1248e4e7cbeb33aa8c46f7"}
,"/Users/cmorris/Projects/yozu-games-chris/src/components/Stats.js": {"path":"/Users/cmorris/Projects/yozu-games-chris/src/components/Stats.js","statementMap":{"0":{"start":{"line":7,"column":14},"end":{"line":24,"column":1}},"1":{"start":{"line":8,"column":18},"end":{"line":8,"column":56}},"2":{"start":{"line":8,"column":39},"end":{"line":8,"column":55}},"3":{"start":{"line":9,"column":22},"end":{"line":9,"column":64}},"4":{"start":{"line":9,"column":43},"end":{"line":9,"column":63}},"5":{"start":{"line":10,"column":21},"end":{"line":10,"column":62}},"6":{"start":{"line":10,"column":42},"end":{"line":10,"column":61}},"7":{"start":{"line":12,"column":25},"end":{"line":12,"column":26}},"8":{"start":{"line":13,"column":4},"end":{"line":15,"column":5}},"9":{"start":{"line":14,"column":8},"end":{"line":14,"column":41}},"10":{"start":{"line":17,"column":4},"end":{"line":23,"column":5}},"11":{"start":{"line":26,"column":15},"end":{"line":41,"column":2}}},"fnMap":{"0":{"name":"(anonymous_0)","decl":{"start":{"line":7,"column":14},"end":{"line":7,"column":15}},"loc":{"start":{"line":7,"column":20},"end":{"line":24,"column":1}},"line":7},"1":{"name":"(anonymous_1)","decl":{"start":{"line":8,"column":30},"end":{"line":8,"column":31}},"loc":{"start":{"line":8,"column":39},"end":{"line":8,"column":55}},"line":8},"2":{"name":"(anonymous_2)","decl":{"start":{"line":9,"column":34},"end":{"line":9,"column":35}},"loc":{"start":{"line":9,"column":43},"end":{"line":9,"column":63}},"line":9},"3":{"name":"(anonymous_3)","decl":{"start":{"line":10,"column":33},"end":{"line":10,"column":34}},"loc":{"start":{"line":10,"column":42},"end":{"line":10,"column":61}},"line":10}},"branchMap":{"0":{"loc":{"start":{"line":13,"column":4},"end":{"line":15,"column":5}},"type":"if","locations":[{"start":{"line":13,"column":4},"end":{"line":15,"column":5}},{"start":{},"end":{}}],"line":13}},"s":{"0":1,"1":4,"2":4,"3":4,"4":4,"5":4,"6":4,"7":4,"8":4,"9":1,"10":4,"11":1},"f":{"0":4,"1":4,"2":4,"3":4},"b":{"0":[1,3]},"_coverageSchema":"1a1c01bbd47fc00a2c39e90264f33305004495a9","hash":"bfdf3b18e6f0f949f002b510952d73f1c9a0da2f"}
,"/Users/cmorris/Projects/yozu-games-chris/src/redux/AuthSlice.js": {"path":"/Users/cmorris/Projects/yozu-games-chris/src/redux/AuthSlice.js","statementMap":{"0":{"start":{"line":3,"column":21},"end":{"line":7,"column":1}},"1":{"start":{"line":9,"column":18},"end":{"line":26,"column":2}},"2":{"start":{"line":14,"column":12},"end":{"line":14,"column":45}},"3":{"start":{"line":15,"column":12},"end":{"line":15,"column":30}},"4":{"start":{"line":18,"column":12},"end":{"line":18,"column":45}},"5":{"start":{"line":19,"column":12},"end":{"line":19,"column":36}},"6":{"start":{"line":22,"column":12},"end":{"line":22,"column":35}},"7":{"start":{"line":23,"column":12},"end":{"line":23,"column":35}},"8":{"start":{"line":28,"column":31},"end":{"line":28,"column":55}},"9":{"start":{"line":28,"column":40},"end":{"line":28,"column":55}},"10":{"start":{"line":29,"column":31},"end":{"line":29,"column":55}},"11":{"start":{"line":29,"column":40},"end":{"line":29,"column":55}},"12":{"start":{"line":30,"column":31},"end":{"line":30,"column":55}},"13":{"start":{"line":30,"column":40},"end":{"line":30,"column":55}},"14":{"start":{"line":32,"column":49},"end":{"line":32,"column":66}}},"fnMap":{"0":{"name":"(anonymous_0)","decl":{"start":{"line":13,"column":22},"end":{"line":13,"column":23}},"loc":{"start":{"line":13,"column":41},"end":{"line":16,"column":9}},"line":13},"1":{"name":"(anonymous_1)","decl":{"start":{"line":17,"column":16},"end":{"line":17,"column":17}},"loc":{"start":{"line":17,"column":35},"end":{"line":20,"column":9}},"line":17},"2":{"name":"(anonymous_2)","decl":{"start":{"line":21,"column":17},"end":{"line":21,"column":18}},"loc":{"start":{"line":21,"column":28},"end":{"line":24,"column":9}},"line":21},"3":{"name":"(anonymous_3)","decl":{"start":{"line":28,"column":31},"end":{"line":28,"column":32}},"loc":{"start":{"line":28,"column":40},"end":{"line":28,"column":55}},"line":28},"4":{"name":"(anonymous_4)","decl":{"start":{"line":29,"column":31},"end":{"line":29,"column":32}},"loc":{"start":{"line":29,"column":40},"end":{"line":29,"column":55}},"line":29},"5":{"name":"(anonymous_5)","decl":{"start":{"line":30,"column":31},"end":{"line":30,"column":32}},"loc":{"start":{"line":30,"column":40},"end":{"line":30,"column":55}},"line":30}},"branchMap":{},"s":{"0":1,"1":1,"2":0,"3":0,"4":0,"5":0,"6":0,"7":0,"8":1,"9":0,"10":1,"11":0,"12":1,"13":0,"14":1},"f":{"0":0,"1":0,"2":0,"3":0,"4":0,"5":0},"b":{},"_coverageSchema":"1a1c01bbd47fc00a2c39e90264f33305004495a9","hash":"c9a60cbb8c53e8a91d048224ceb578e477605691"}
,"/Users/cmorris/Projects/yozu-games-chris/src/redux/store.js": {"path":"/Users/cmorris/Projects/yozu-games-chris/src/redux/store.js","statementMap":{"0":{"start":{"line":7,"column":21},"end":{"line":13,"column":2}}},"fnMap":{},"branchMap":{},"s":{"0":1},"f":{},"b":{},"_coverageSchema":"1a1c01bbd47fc00a2c39e90264f33305004495a9","hash":"f4c24b68c2140879b59ea6cdf8a52af00a23a95e"}
,"/Users/cmorris/Projects/yozu-games-chris/src/screens/Home/HomeScreenSlice.js": {"path":"/Users/cmorris/Projects/yozu-games-chris/src/screens/Home/HomeScreenSlice.js","statementMap":{"0":{"start":{"line":3,"column":21},"end":{"line":5,"column":1}},"1":{"start":{"line":7,"column":24},"end":{"line":16,"column":2}},"2":{"start":{"line":12,"column":12},"end":{"line":12,"column":39}},"3":{"start":{"line":13,"column":12},"end":{"line":13,"column":43}},"4":{"start":{"line":18,"column":30},"end":{"line":18,"column":53}},"5":{"start":{"line":18,"column":39},"end":{"line":18,"column":53}},"6":{"start":{"line":20,"column":34},"end":{"line":20,"column":57}}},"fnMap":{"0":{"name":"(anonymous_0)","decl":{"start":{"line":11,"column":24},"end":{"line":11,"column":25}},"loc":{"start":{"line":11,"column":43},"end":{"line":14,"column":9}},"line":11},"1":{"name":"(anonymous_1)","decl":{"start":{"line":18,"column":30},"end":{"line":18,"column":31}},"loc":{"start":{"line":18,"column":39},"end":{"line":18,"column":53}},"line":18}},"branchMap":{},"s":{"0":1,"1":1,"2":0,"3":0,"4":1,"5":0,"6":1},"f":{"0":0,"1":0},"b":{},"_coverageSchema":"1a1c01bbd47fc00a2c39e90264f33305004495a9","hash":"2a7b3815d5f91b2104d389fa47254fa26c4e8d90"}
,"/Users/cmorris/Projects/yozu-games-chris/src/screens/Play/PlayScreen.js": {"path":"/Users/cmorris/Projects/yozu-games-chris/src/screens/Play/PlayScreen.js","statementMap":{"0":{"start":{"line":13,"column":19},"end":{"line":110,"column":1}},"1":{"start":{"line":14,"column":28},"end":{"line":14,"column":43}},"2":{"start":{"line":15,"column":28},"end":{"line":15,"column":39}},"3":{"start":{"line":16,"column":21},"end":{"line":16,"column":34}},"4":{"start":{"line":17,"column":25},"end":{"line":17,"column":70}},"5":{"start":{"line":17,"column":46},"end":{"line":17,"column":69}},"6":{"start":{"line":18,"column":22},"end":{"line":18,"column":64}},"7":{"start":{"line":18,"column":43},"end":{"line":18,"column":63}},"8":{"start":{"line":21,"column":17},"end":{"line":21,"column":58}},"9":{"start":{"line":21,"column":38},"end":{"line":21,"column":57}},"10":{"start":{"line":23,"column":4},"end":{"line":28,"column":5}},"11":{"start":{"line":25,"column":12},"end":{"line":25,"column":39}},"12":{"start":{"line":26,"column":12},"end":{"line":26,"column":27}},"13":{"start":{"line":30,"column":28},"end":{"line":33,"column":5}},"14":{"start":{"line":31,"column":8},"end":{"line":31,"column":22}},"15":{"start":{"line":32,"column":8},"end":{"line":32,"column":30}},"16":{"start":{"line":35,"column":20},"end":{"line":35,"column":57}},"17":{"start":{"line":37,"column":20},"end":{"line":66,"column":5}},"18":{"start":{"line":38,"column":8},"end":{"line":38,"column":34}},"19":{"start":{"line":38,"column":24},"end":{"line":38,"column":32}},"20":{"start":{"line":39,"column":20},"end":{"line":39,"column":23}},"21":{"start":{"line":40,"column":8},"end":{"line":42,"column":9}},"22":{"start":{"line":41,"column":12},"end":{"line":41,"column":25}},"23":{"start":{"line":43,"column":8},"end":{"line":65,"column":10}},"24":{"start":{"line":52,"column":12},"end":{"line":52,"column":39}},"25":{"start":{"line":53,"column":12},"end":{"line":53,"column":32}},"26":{"start":{"line":55,"column":12},"end":{"line":64,"column":13}},"27":{"start":{"line":56,"column":16},"end":{"line":56,"column":33}},"28":{"start":{"line":57,"column":16},"end":{"line":63,"column":24}},"29":{"start":{"line":58,"column":20},"end":{"line":62,"column":21}},"30":{"start":{"line":59,"column":24},"end":{"line":59,"column":79}},"31":{"start":{"line":61,"column":24},"end":{"line":61,"column":80}},"32":{"start":{"line":68,"column":4},"end":{"line":109,"column":5}},"33":{"start":{"line":79,"column":28},"end":{"line":85,"column":29}},"34":{"start":{"line":80,"column":32},"end":{"line":84,"column":33}},"35":{"start":{"line":87,"column":28},"end":{"line":91,"column":29}},"36":{"start":{"line":88,"column":32},"end":{"line":90,"column":33}},"37":{"start":{"line":112,"column":15},"end":{"line":154,"column":2}}},"fnMap":{"0":{"name":"(anonymous_0)","decl":{"start":{"line":13,"column":19},"end":{"line":13,"column":20}},"loc":{"start":{"line":13,"column":39},"end":{"line":110,"column":1}},"line":13},"1":{"name":"(anonymous_1)","decl":{"start":{"line":17,"column":37},"end":{"line":17,"column":38}},"loc":{"start":{"line":17,"column":46},"end":{"line":17,"column":69}},"line":17},"2":{"name":"(anonymous_2)","decl":{"start":{"line":18,"column":34},"end":{"line":18,"column":35}},"loc":{"start":{"line":18,"column":43},"end":{"line":18,"column":63}},"line":18},"3":{"name":"(anonymous_3)","decl":{"start":{"line":21,"column":29},"end":{"line":21,"column":30}},"loc":{"start":{"line":21,"column":38},"end":{"line":21,"column":57}},"line":21},"4":{"name":"(anonymous_4)","decl":{"start":{"line":24,"column":20},"end":{"line":24,"column":21}},"loc":{"start":{"line":24,"column":26},"end":{"line":27,"column":9}},"line":24},"5":{"name":"(anonymous_5)","decl":{"start":{"line":30,"column":28},"end":{"line":30,"column":29}},"loc":{"start":{"line":30,"column":34},"end":{"line":33,"column":5}},"line":30},"6":{"name":"(anonymous_6)","decl":{"start":{"line":37,"column":20},"end":{"line":37,"column":21}},"loc":{"start":{"line":37,"column":35},"end":{"line":66,"column":5}},"line":37},"7":{"name":"(anonymous_7)","decl":{"start":{"line":38,"column":16},"end":{"line":38,"column":17}},"loc":{"start":{"line":38,"column":24},"end":{"line":38,"column":32}},"line":38},"8":{"name":"(anonymous_8)","decl":{"start":{"line":50,"column":16},"end":{"line":50,"column":17}},"loc":{"start":{"line":50,"column":22},"end":{"line":65,"column":9}},"line":50},"9":{"name":"(anonymous_9)","decl":{"start":{"line":57,"column":27},"end":{"line":57,"column":28}},"loc":{"start":{"line":57,"column":33},"end":{"line":63,"column":17}},"line":57},"10":{"name":"(anonymous_10)","decl":{"start":{"line":77,"column":34},"end":{"line":77,"column":35}},"loc":{"start":{"line":77,"column":47},"end":{"line":92,"column":25}},"line":77}},"branchMap":{"0":{"loc":{"start":{"line":40,"column":8},"end":{"line":42,"column":9}},"type":"if","locations":[{"start":{"line":40,"column":8},"end":{"line":42,"column":9}},{"start":{},"end":{}}],"line":40},"1":{"loc":{"start":{"line":55,"column":12},"end":{"line":64,"column":13}},"type":"if","locations":[{"start":{"line":55,"column":12},"end":{"line":64,"column":13}},{"start":{},"end":{}}],"line":55},"2":{"loc":{"start":{"line":58,"column":20},"end":{"line":62,"column":21}},"type":"if","locations":[{"start":{"line":58,"column":20},"end":{"line":62,"column":21}},{"start":{"line":60,"column":27},"end":{"line":62,"column":21}}],"line":58},"3":{"loc":{"start":{"line":70,"column":13},"end":{"line":106,"column":13}},"type":"cond-expr","locations":[{"start":{"line":71,"column":16},"end":{"line":100,"column":19}},{"start":{"line":102,"column":16},"end":{"line":105,"column":23}}],"line":70},"4":{"loc":{"start":{"line":79,"column":28},"end":{"line":85,"column":29}},"type":"if","locations":[{"start":{"line":79,"column":28},"end":{"line":85,"column":29}},{"start":{},"end":{}}],"line":79},"5":{"loc":{"start":{"line":87,"column":28},"end":{"line":91,"column":29}},"type":"if","locations":[{"start":{"line":87,"column":28},"end":{"line":91,"column":29}},{"start":{},"end":{}}],"line":87},"6":{"loc":{"start":{"line":94,"column":21},"end":{"line":97,"column":88}},"type":"cond-expr","locations":[{"start":{"line":95,"column":24},"end":{"line":95,"column":61}},{"start":{"line":97,"column":24},"end":{"line":97,"column":88}}],"line":94}},"s":{"0":1,"1":8,"2":8,"3":8,"4":8,"5":13,"6":8,"7":13,"8":8,"9":13,"10":8,"11":2,"12":2,"13":8,"14":2,"15":2,"16":8,"17":8,"18":1,"19":1,"20":1,"21":1,"22":0,"23":1,"24":1,"25":1,"26":1,"27":0,"28":0,"29":0,"30":0,"31":0,"32":8,"33":39,"34":4,"35":35,"36":35,"37":1},"f":{"0":8,"1":13,"2":13,"3":13,"4":2,"5":2,"6":1,"7":1,"8":1,"9":0,"10":39},"b":{"0":[0,1],"1":[0,1],"2":[0,0],"3":[4,4],"4":[4,35],"5":[35,0],"6":[4,0]},"_coverageSchema":"1a1c01bbd47fc00a2c39e90264f33305004495a9","hash":"a7879abf89083e2f98722582a62b12f1a6e2feda"}
,"/Users/cmorris/Projects/yozu-games-chris/src/screens/Play/PlayScreenSlice.js": {"path":"/Users/cmorris/Projects/yozu-games-chris/src/screens/Play/PlayScreenSlice.js","statementMap":{"0":{"start":{"line":2,"column":16},"end":{"line":2,"column":88}},"1":{"start":{"line":4,"column":21},"end":{"line":19,"column":1}},"2":{"start":{"line":21,"column":21},"end":{"line":44,"column":1}},"3":{"start":{"line":22,"column":18},"end":{"line":22,"column":55}},"4":{"start":{"line":23,"column":20},"end":{"line":23,"column":92}},"5":{"start":{"line":24,"column":4},"end":{"line":32,"column":5}},"6":{"start":{"line":24,"column":17},"end":{"line":24,"column":18}},"7":{"start":{"line":25,"column":26},"end":{"line":25,"column":76}},"8":{"start":{"line":26,"column":21},"end":{"line":26,"column":37}},"9":{"start":{"line":28,"column":28},"end":{"line":28,"column":80}},"10":{"start":{"line":29,"column":23},"end":{"line":29,"column":43}},"11":{"start":{"line":31,"column":8},"end":{"line":31,"column":46}},"12":{"start":{"line":34,"column":4},"end":{"line":37,"column":6}},"13":{"start":{"line":38,"column":4},"end":{"line":41,"column":6}},"14":{"start":{"line":42,"column":4},"end":{"line":42,"column":20}},"15":{"start":{"line":43,"column":4},"end":{"line":43,"column":28}},"16":{"start":{"line":46,"column":24},"end":{"line":99,"column":2}},"17":{"start":{"line":51,"column":12},"end":{"line":51,"column":32}},"18":{"start":{"line":54,"column":12},"end":{"line":54,"column":47}},"19":{"start":{"line":55,"column":12},"end":{"line":55,"column":40}},"20":{"start":{"line":56,"column":12},"end":{"line":56,"column":50}},"21":{"start":{"line":58,"column":12},"end":{"line":66,"column":13}},"22":{"start":{"line":59,"column":16},"end":{"line":61,"column":17}},"23":{"start":{"line":60,"column":20},"end":{"line":60,"column":37}},"24":{"start":{"line":63,"column":16},"end":{"line":65,"column":17}},"25":{"start":{"line":64,"column":20},"end":{"line":64,"column":37}},"26":{"start":{"line":68,"column":12},"end":{"line":71,"column":13}},"27":{"start":{"line":69,"column":16},"end":{"line":69,"column":46}},"28":{"start":{"line":70,"column":16},"end":{"line":70,"column":42}},"29":{"start":{"line":74,"column":12},"end":{"line":74,"column":38}},"30":{"start":{"line":75,"column":12},"end":{"line":75,"column":43}},"31":{"start":{"line":76,"column":12},"end":{"line":76,"column":32}},"32":{"start":{"line":79,"column":12},"end":{"line":79,"column":32}},"33":{"start":{"line":80,"column":12},"end":{"line":83,"column":14}},"34":{"start":{"line":84,"column":12},"end":{"line":87,"column":14}},"35":{"start":{"line":88,"column":12},"end":{"line":88,"column":32}},"36":{"start":{"line":89,"column":12},"end":{"line":89,"column":28}},"37":{"start":{"line":92,"column":12},"end":{"line":92,"column":32}},"38":{"start":{"line":93,"column":12},"end":{"line":93,"column":39}},"39":{"start":{"line":96,"column":12},"end":{"line":96,"column":39}},"40":{"start":{"line":101,"column":27},"end":{"line":101,"column":47}},"41":{"start":{"line":101,"column":36},"end":{"line":101,"column":47}},"42":{"start":{"line":102,"column":31},"end":{"line":102,"column":55}},"43":{"start":{"line":102,"column":40},"end":{"line":102,"column":55}},"44":{"start":{"line":103,"column":33},"end":{"line":103,"column":59}},"45":{"start":{"line":103,"column":42},"end":{"line":103,"column":59}},"46":{"start":{"line":104,"column":30},"end":{"line":104,"column":53}},"47":{"start":{"line":104,"column":39},"end":{"line":104,"column":53}},"48":{"start":{"line":106,"column":94},"end":{"line":106,"column":117}}},"fnMap":{"0":{"name":"(anonymous_0)","decl":{"start":{"line":21,"column":21},"end":{"line":21,"column":22}},"loc":{"start":{"line":21,"column":32},"end":{"line":44,"column":1}},"line":21},"1":{"name":"(anonymous_1)","decl":{"start":{"line":50,"column":19},"end":{"line":50,"column":20}},"loc":{"start":{"line":50,"column":30},"end":{"line":52,"column":9}},"line":50},"2":{"name":"(anonymous_2)","decl":{"start":{"line":53,"column":15},"end":{"line":53,"column":16}},"loc":{"start":{"line":53,"column":34},"end":{"line":72,"column":9}},"line":53},"3":{"name":"(anonymous_3)","decl":{"start":{"line":73,"column":20},"end":{"line":73,"column":21}},"loc":{"start":{"line":73,"column":39},"end":{"line":77,"column":9}},"line":73},"4":{"name":"(anonymous_4)","decl":{"start":{"line":78,"column":19},"end":{"line":78,"column":20}},"loc":{"start":{"line":78,"column":30},"end":{"line":90,"column":9}},"line":78},"5":{"name":"(anonymous_5)","decl":{"start":{"line":91,"column":24},"end":{"line":91,"column":25}},"loc":{"start":{"line":91,"column":35},"end":{"line":94,"column":9}},"line":91},"6":{"name":"(anonymous_6)","decl":{"start":{"line":95,"column":27},"end":{"line":95,"column":28}},"loc":{"start":{"line":95,"column":38},"end":{"line":97,"column":9}},"line":95},"7":{"name":"(anonymous_7)","decl":{"start":{"line":101,"column":27},"end":{"line":101,"column":28}},"loc":{"start":{"line":101,"column":36},"end":{"line":101,"column":47}},"line":101},"8":{"name":"(anonymous_8)","decl":{"start":{"line":102,"column":31},"end":{"line":102,"column":32}},"loc":{"start":{"line":102,"column":40},"end":{"line":102,"column":55}},"line":102},"9":{"name":"(anonymous_9)","decl":{"start":{"line":103,"column":33},"end":{"line":103,"column":34}},"loc":{"start":{"line":103,"column":42},"end":{"line":103,"column":59}},"line":103},"10":{"name":"(anonymous_10)","decl":{"start":{"line":104,"column":30},"end":{"line":104,"column":31}},"loc":{"start":{"line":104,"column":39},"end":{"line":104,"column":53}},"line":104}},"branchMap":{"0":{"loc":{"start":{"line":58,"column":12},"end":{"line":66,"column":13}},"type":"if","locations":[{"start":{"line":58,"column":12},"end":{"line":66,"column":13}},{"start":{"line":62,"column":19},"end":{"line":66,"column":13}}],"line":58},"1":{"loc":{"start":{"line":59,"column":16},"end":{"line":61,"column":17}},"type":"if","locations":[{"start":{"line":59,"column":16},"end":{"line":61,"column":17}},{"start":{},"end":{}}],"line":59},"2":{"loc":{"start":{"line":63,"column":16},"end":{"line":65,"column":17}},"type":"if","locations":[{"start":{"line":63,"column":16},"end":{"line":65,"column":17}},{"start":{},"end":{}}],"line":63},"3":{"loc":{"start":{"line":68,"column":12},"end":{"line":71,"column":13}},"type":"if","locations":[{"start":{"line":68,"column":12},"end":{"line":71,"column":13}},{"start":{},"end":{}}],"line":68}},"s":{"0":1,"1":1,"2":1,"3":2,"4":2,"5":2,"6":2,"7":20,"8":20,"9":20,"10":20,"11":20,"12":2,"13":2,"14":2,"15":2,"16":1,"17":2,"18":1,"19":1,"20":1,"21":1,"22":1,"23":0,"24":0,"25":0,"26":1,"27":0,"28":0,"29":2,"30":2,"31":2,"32":0,"33":0,"34":0,"35":0,"36":0,"37":0,"38":0,"39":0,"40":1,"41":0,"42":1,"43":0,"44":1,"45":0,"46":1,"47":0,"48":1},"f":{"0":2,"1":2,"2":1,"3":2,"4":0,"5":0,"6":0,"7":0,"8":0,"9":0,"10":0},"b":{"0":[1,0],"1":[0,1],"2":[0,0],"3":[0,1]},"_coverageSchema":"1a1c01bbd47fc00a2c39e90264f33305004495a9","hash":"4e6e65c961ba0ce5d196bb3b0a3eb3f912f9f9fd"}
}
