{"/Users/cmorris/Projects/yozu-games-chris/App.js": {"path":"/Users/cmorris/Projects/yozu-games-chris/App.js","statementMap":{"0":{"start":{"line":10,"column":12},"end":{"line":16,"column":1}},"1":{"start":{"line":11,"column":2},"end":{"line":15,"column":4}}},"fnMap":{"0":{"name":"(anonymous_0)","decl":{"start":{"line":10,"column":12},"end":{"line":10,"column":13}},"loc":{"start":{"line":10,"column":18},"end":{"line":16,"column":1}},"line":10}},"branchMap":{},"s":{"0":1,"1":1},"f":{"0":1},"b":{},"_coverageSchema":"1a1c01bbd47fc00a2c39e90264f33305004495a9","hash":"4a42a449ad090d37d03af71c3062a077619be2bc"}
,"/Users/cmorris/Projects/yozu-games-chris/navigators/AuthTabs.js": {"path":"/Users/cmorris/Projects/yozu-games-chris/navigators/AuthTabs.js","statementMap":{"0":{"start":{"line":11,"column":12},"end":{"line":11,"column":38}},"1":{"start":{"line":13,"column":17},"end":{"line":32,"column":1}},"2":{"start":{"line":14,"column":4},"end":{"line":31,"column":5}},"3":{"start":{"line":21,"column":20},"end":{"line":21,"column":76}},"4":{"start":{"line":27,"column":20},"end":{"line":27,"column":80}}},"fnMap":{"0":{"name":"(anonymous_0)","decl":{"start":{"line":13,"column":17},"end":{"line":13,"column":18}},"loc":{"start":{"line":13,"column":23},"end":{"line":32,"column":1}},"line":13},"1":{"name":"(anonymous_1)","decl":{"start":{"line":20,"column":28},"end":{"line":20,"column":29}},"loc":{"start":{"line":21,"column":20},"end":{"line":21,"column":76}},"line":21},"2":{"name":"(anonymous_2)","decl":{"start":{"line":26,"column":28},"end":{"line":26,"column":29}},"loc":{"start":{"line":27,"column":20},"end":{"line":27,"column":80}},"line":27}},"branchMap":{},"s":{"0":4,"1":4,"2":5,"3":14,"4":14},"f":{"0":5,"1":14,"2":14},"b":{},"_coverageSchema":"1a1c01bbd47fc00a2c39e90264f33305004495a9","hash":"a217223a5a01390d11ecaed1b120c4b8d1c0fcde"}
,"/Users/cmorris/Projects/yozu-games-chris/navigators/GameStack.js": {"path":"/Users/cmorris/Projects/yozu-games-chris/navigators/GameStack.js","statementMap":{"0":{"start":{"line":9,"column":14},"end":{"line":9,"column":42}},"1":{"start":{"line":11,"column":18},"end":{"line":26,"column":1}},"2":{"start":{"line":12,"column":4},"end":{"line":25,"column":5}}},"fnMap":{"0":{"name":"(anonymous_0)","decl":{"start":{"line":11,"column":18},"end":{"line":11,"column":19}},"loc":{"start":{"line":11,"column":24},"end":{"line":26,"column":1}},"line":11}},"branchMap":{},"s":{"0":4,"1":4,"2":2},"f":{"0":2},"b":{},"_coverageSchema":"1a1c01bbd47fc00a2c39e90264f33305004495a9","hash":"b28aa0e448505004a727d565ed3e326636d7167f"}
,"/Users/cmorris/Projects/yozu-games-chris/navigators/HomeTabs.js": {"path":"/Users/cmorris/Projects/yozu-games-chris/navigators/HomeTabs.js","statementMap":{"0":{"start":{"line":14,"column":12},"end":{"line":14,"column":38}},"1":{"start":{"line":16,"column":17},"end":{"line":45,"column":1}},"2":{"start":{"line":17,"column":4},"end":{"line":44,"column":5}},"3":{"start":{"line":22,"column":20},"end":{"line":22,"column":84}},"4":{"start":{"line":28,"column":20},"end":{"line":28,"column":81}},"5":{"start":{"line":34,"column":20},"end":{"line":34,"column":89}},"6":{"start":{"line":40,"column":20},"end":{"line":40,"column":82}}},"fnMap":{"0":{"name":"(anonymous_0)","decl":{"start":{"line":16,"column":17},"end":{"line":16,"column":18}},"loc":{"start":{"line":16,"column":23},"end":{"line":45,"column":1}},"line":16},"1":{"name":"(anonymous_1)","decl":{"start":{"line":21,"column":28},"end":{"line":21,"column":29}},"loc":{"start":{"line":22,"column":20},"end":{"line":22,"column":84}},"line":22},"2":{"name":"(anonymous_2)","decl":{"start":{"line":27,"column":28},"end":{"line":27,"column":29}},"loc":{"start":{"line":28,"column":20},"end":{"line":28,"column":81}},"line":28},"3":{"name":"(anonymous_3)","decl":{"start":{"line":33,"column":28},"end":{"line":33,"column":29}},"loc":{"start":{"line":34,"column":20},"end":{"line":34,"column":89}},"line":34},"4":{"name":"(anonymous_4)","decl":{"start":{"line":39,"column":28},"end":{"line":39,"column":29}},"loc":{"start":{"line":40,"column":20},"end":{"line":40,"column":82}},"line":40}},"branchMap":{},"s":{"0":4,"1":4,"2":2,"3":4,"4":4,"5":4,"6":4},"f":{"0":2,"1":4,"2":4,"3":4,"4":4},"b":{},"_coverageSchema":"1a1c01bbd47fc00a2c39e90264f33305004495a9","hash":"0b3f7060d7d66a94e9459f41c46f54e5d390c154"}
,"/Users/cmorris/Projects/yozu-games-chris/navigators/NavigationContainer.js": {"path":"/Users/cmorris/Projects/yozu-games-chris/navigators/NavigationContainer.js","statementMap":{"0":{"start":{"line":15,"column":21},"end":{"line":44,"column":1}},"1":{"start":{"line":16,"column":18},"end":{"line":16,"column":60}},"2":{"start":{"line":16,"column":39},"end":{"line":16,"column":59}},"3":{"start":{"line":17,"column":21},"end":{"line":17,"column":34}},"4":{"start":{"line":19,"column":4},"end":{"line":33,"column":11}},"5":{"start":{"line":20,"column":31},"end":{"line":30,"column":9}},"6":{"start":{"line":23,"column":12},"end":{"line":27,"column":13}},"7":{"start":{"line":24,"column":16},"end":{"line":24,"column":72}},"8":{"start":{"line":26,"column":16},"end":{"line":26,"column":31}},"9":{"start":{"line":29,"column":12},"end":{"line":29,"column":46}},"10":{"start":{"line":32,"column":8},"end":{"line":32,"column":25}},"11":{"start":{"line":35,"column":4},"end":{"line":43,"column":5}}},"fnMap":{"0":{"name":"(anonymous_0)","decl":{"start":{"line":15,"column":21},"end":{"line":15,"column":22}},"loc":{"start":{"line":15,"column":27},"end":{"line":44,"column":1}},"line":15},"1":{"name":"(anonymous_1)","decl":{"start":{"line":16,"column":30},"end":{"line":16,"column":31}},"loc":{"start":{"line":16,"column":39},"end":{"line":16,"column":59}},"line":16},"2":{"name":"(anonymous_2)","decl":{"start":{"line":19,"column":14},"end":{"line":19,"column":15}},"loc":{"start":{"line":19,"column":20},"end":{"line":33,"column":5}},"line":19},"3":{"name":"(anonymous_3)","decl":{"start":{"line":20,"column":31},"end":{"line":20,"column":32}},"loc":{"start":{"line":20,"column":43},"end":{"line":30,"column":9}},"line":20}},"branchMap":{"0":{"loc":{"start":{"line":37,"column":14},"end":{"line":40,"column":28}},"type":"cond-expr","locations":[{"start":{"line":38,"column":16},"end":{"line":38,"column":29}},{"start":{"line":40,"column":16},"end":{"line":40,"column":28}}],"line":37}},"s":{"0":4,"1":7,"2":15,"3":7,"4":7,"5":3,"6":3,"7":3,"8":0,"9":3,"10":3,"11":7},"f":{"0":7,"1":15,"2":3,"3":3},"b":{"0":[2,5]},"_coverageSchema":"1a1c01bbd47fc00a2c39e90264f33305004495a9","hash":"c3edb76f5c7ea287d7c3c8ef6a9ef16d4ae04fbc"}
,"/Users/cmorris/Projects/yozu-games-chris/src/components/ButtonContainer.js": {"path":"/Users/cmorris/Projects/yozu-games-chris/src/components/ButtonContainer.js","statementMap":{"0":{"start":{"line":4,"column":24},"end":{"line":32,"column":1}},"1":{"start":{"line":5,"column":52},"end":{"line":5,"column":94}},"2":{"start":{"line":6,"column":54},"end":{"line":6,"column":96}},"3":{"start":{"line":7,"column":60},"end":{"line":7,"column":104}},"4":{"start":{"line":8,"column":62},"end":{"line":8,"column":106}},"5":{"start":{"line":10,"column":24},"end":{"line":24,"column":5}},"6":{"start":{"line":11,"column":8},"end":{"line":11,"column":27}},"7":{"start":{"line":13,"column":8},"end":{"line":23,"column":9}},"8":{"start":{"line":14,"column":12},"end":{"line":14,"column":64}},"9":{"start":{"line":15,"column":12},"end":{"line":15,"column":67}},"10":{"start":{"line":16,"column":12},"end":{"line":16,"column":70}},"11":{"start":{"line":17,"column":12},"end":{"line":17,"column":73}},"12":{"start":{"line":18,"column":15},"end":{"line":23,"column":9}},"13":{"start":{"line":19,"column":12},"end":{"line":19,"column":66}},"14":{"start":{"line":20,"column":12},"end":{"line":20,"column":65}},"15":{"start":{"line":21,"column":12},"end":{"line":21,"column":72}},"16":{"start":{"line":22,"column":12},"end":{"line":22,"column":71}},"17":{"start":{"line":26,"column":4},"end":{"line":31,"column":5}},"18":{"start":{"line":28,"column":70},"end":{"line":28,"column":90}},"19":{"start":{"line":29,"column":71},"end":{"line":29,"column":92}},"20":{"start":{"line":34,"column":15},"end":{"line":64,"column":2}}},"fnMap":{"0":{"name":"(anonymous_0)","decl":{"start":{"line":4,"column":24},"end":{"line":4,"column":25}},"loc":{"start":{"line":4,"column":41},"end":{"line":32,"column":1}},"line":4},"1":{"name":"(anonymous_1)","decl":{"start":{"line":10,"column":24},"end":{"line":10,"column":25}},"loc":{"start":{"line":10,"column":39},"end":{"line":24,"column":5}},"line":10},"2":{"name":"(anonymous_2)","decl":{"start":{"line":28,"column":64},"end":{"line":28,"column":65}},"loc":{"start":{"line":28,"column":70},"end":{"line":28,"column":90}},"line":28},"3":{"name":"(anonymous_3)","decl":{"start":{"line":29,"column":65},"end":{"line":29,"column":66}},"loc":{"start":{"line":29,"column":71},"end":{"line":29,"column":92}},"line":29}},"branchMap":{"0":{"loc":{"start":{"line":13,"column":8},"end":{"line":23,"column":9}},"type":"if","locations":[{"start":{"line":13,"column":8},"end":{"line":23,"column":9}},{"start":{"line":18,"column":15},"end":{"line":23,"column":9}}],"line":13},"1":{"loc":{"start":{"line":18,"column":15},"end":{"line":23,"column":9}},"type":"if","locations":[{"start":{"line":18,"column":15},"end":{"line":23,"column":9}},{"start":{},"end":{}}],"line":18}},"s":{"0":6,"1":6,"2":6,"3":6,"4":6,"5":6,"6":2,"7":2,"8":1,"9":1,"10":1,"11":1,"12":1,"13":1,"14":1,"15":1,"16":1,"17":6,"18":1,"19":1,"20":6},"f":{"0":6,"1":2,"2":1,"3":1},"b":{"0":[1,1],"1":[1,0]},"_coverageSchema":"1a1c01bbd47fc00a2c39e90264f33305004495a9","hash":"b872b415c160bb3eba0d6200da043bd541e7f105"}
,"/Users/cmorris/Projects/yozu-games-chris/src/components/Card.js": {"path":"/Users/cmorris/Projects/yozu-games-chris/src/components/Card.js","statementMap":{"0":{"start":{"line":6,"column":13},"end":{"line":27,"column":1}},"1":{"start":{"line":8,"column":16},"end":{"line":8,"column":21}},"2":{"start":{"line":9,"column":17},"end":{"line":9,"column":19}},"3":{"start":{"line":10,"column":4},"end":{"line":16,"column":5}},"4":{"start":{"line":11,"column":8},"end":{"line":15,"column":9}},"5":{"start":{"line":12,"column":12},"end":{"line":12,"column":28}},"6":{"start":{"line":14,"column":12},"end":{"line":14,"column":25}},"7":{"start":{"line":18,"column":4},"end":{"line":26,"column":5}},"8":{"start":{"line":29,"column":15},"end":{"line":82,"column":2}}},"fnMap":{"0":{"name":"(anonymous_0)","decl":{"start":{"line":6,"column":13},"end":{"line":6,"column":14}},"loc":{"start":{"line":6,"column":38},"end":{"line":27,"column":1}},"line":6}},"branchMap":{"0":{"loc":{"start":{"line":10,"column":4},"end":{"line":16,"column":5}},"type":"if","locations":[{"start":{"line":10,"column":4},"end":{"line":16,"column":5}},{"start":{},"end":{}}],"line":10},"1":{"loc":{"start":{"line":11,"column":8},"end":{"line":15,"column":9}},"type":"if","locations":[{"start":{"line":11,"column":8},"end":{"line":15,"column":9}},{"start":{"line":13,"column":15},"end":{"line":15,"column":9}}],"line":11},"2":{"loc":{"start":{"line":11,"column":12},"end":{"line":11,"column":55}},"type":"binary-expr","locations":[{"start":{"line":11,"column":12},"end":{"line":11,"column":31}},{"start":{"line":11,"column":35},"end":{"line":11,"column":55}}],"line":11}},"s":{"0":6,"1":59,"2":59,"3":59,"4":59,"5":27,"6":32,"7":59,"8":6},"f":{"0":59},"b":{"0":[59,0],"1":[27,32],"2":[59,47]},"_coverageSchema":"1a1c01bbd47fc00a2c39e90264f33305004495a9","hash":"8c49191972a6e038a1ede8eb93eb00e198b53a60"}
,"/Users/cmorris/Projects/yozu-games-chris/src/components/Stat.js": {"path":"/Users/cmorris/Projects/yozu-games-chris/src/components/Stat.js","statementMap":{"0":{"start":{"line":5,"column":13},"end":{"line":23,"column":1}},"1":{"start":{"line":7,"column":4},"end":{"line":22,"column":5}},"2":{"start":{"line":25,"column":15},"end":{"line":43,"column":2}}},"fnMap":{"0":{"name":"(anonymous_0)","decl":{"start":{"line":5,"column":13},"end":{"line":5,"column":14}},"loc":{"start":{"line":5,"column":49},"end":{"line":23,"column":1}},"line":5}},"branchMap":{"0":{"loc":{"start":{"line":8,"column":8},"end":{"line":21,"column":9}},"type":"cond-expr","locations":[{"start":{"line":9,"column":12},"end":{"line":15,"column":20}},{"start":{"line":17,"column":12},"end":{"line":20,"column":19}}],"line":8}},"s":{"0":6,"1":26,"2":6},"f":{"0":26},"b":{"0":[1,25]},"_coverageSchema":"1a1c01bbd47fc00a2c39e90264f33305004495a9","hash":"28744e59b7a596bbdf1248e4e7cbeb33aa8c46f7"}
,"/Users/cmorris/Projects/yozu-games-chris/src/components/Stats.js": {"path":"/Users/cmorris/Projects/yozu-games-chris/src/components/Stats.js","statementMap":{"0":{"start":{"line":7,"column":14},"end":{"line":24,"column":1}},"1":{"start":{"line":8,"column":18},"end":{"line":8,"column":56}},"2":{"start":{"line":8,"column":39},"end":{"line":8,"column":55}},"3":{"start":{"line":9,"column":22},"end":{"line":9,"column":64}},"4":{"start":{"line":9,"column":43},"end":{"line":9,"column":63}},"5":{"start":{"line":10,"column":21},"end":{"line":10,"column":62}},"6":{"start":{"line":10,"column":42},"end":{"line":10,"column":61}},"7":{"start":{"line":12,"column":25},"end":{"line":12,"column":26}},"8":{"start":{"line":13,"column":4},"end":{"line":15,"column":5}},"9":{"start":{"line":14,"column":8},"end":{"line":14,"column":41}},"10":{"start":{"line":17,"column":4},"end":{"line":23,"column":5}},"11":{"start":{"line":26,"column":15},"end":{"line":41,"column":2}}},"fnMap":{"0":{"name":"(anonymous_0)","decl":{"start":{"line":7,"column":14},"end":{"line":7,"column":15}},"loc":{"start":{"line":7,"column":20},"end":{"line":24,"column":1}},"line":7},"1":{"name":"(anonymous_1)","decl":{"start":{"line":8,"column":30},"end":{"line":8,"column":31}},"loc":{"start":{"line":8,"column":39},"end":{"line":8,"column":55}},"line":8},"2":{"name":"(anonymous_2)","decl":{"start":{"line":9,"column":34},"end":{"line":9,"column":35}},"loc":{"start":{"line":9,"column":43},"end":{"line":9,"column":63}},"line":9},"3":{"name":"(anonymous_3)","decl":{"start":{"line":10,"column":33},"end":{"line":10,"column":34}},"loc":{"start":{"line":10,"column":42},"end":{"line":10,"column":61}},"line":10}},"branchMap":{"0":{"loc":{"start":{"line":13,"column":4},"end":{"line":15,"column":5}},"type":"if","locations":[{"start":{"line":13,"column":4},"end":{"line":15,"column":5}},{"start":{},"end":{}}],"line":13}},"s":{"0":6,"1":6,"2":7,"3":6,"4":7,"5":6,"6":7,"7":6,"8":6,"9":1,"10":6,"11":6},"f":{"0":6,"1":7,"2":7,"3":7},"b":{"0":[1,5]},"_coverageSchema":"1a1c01bbd47fc00a2c39e90264f33305004495a9","hash":"bfdf3b18e6f0f949f002b510952d73f1c9a0da2f"}
,"/Users/cmorris/Projects/yozu-games-chris/src/components/YozuGames.js": {"path":"/Users/cmorris/Projects/yozu-games-chris/src/components/YozuGames.js","statementMap":{"0":{"start":{"line":3,"column":18},"end":{"line":10,"column":1}},"1":{"start":{"line":4,"column":4},"end":{"line":9,"column":5}},"2":{"start":{"line":12,"column":15},"end":{"line":19,"column":2}}},"fnMap":{"0":{"name":"(anonymous_0)","decl":{"start":{"line":3,"column":18},"end":{"line":3,"column":19}},"loc":{"start":{"line":3,"column":24},"end":{"line":10,"column":1}},"line":3}},"branchMap":{},"s":{"0":5,"1":50,"2":5},"f":{"0":50},"b":{},"_coverageSchema":"1a1c01bbd47fc00a2c39e90264f33305004495a9","hash":"37c9a95ee0e008e52cfa9f6ba19cc982443bb7f4"}
,"/Users/cmorris/Projects/yozu-games-chris/src/redux/AuthSlice.js": {"path":"/Users/cmorris/Projects/yozu-games-chris/src/redux/AuthSlice.js","statementMap":{"0":{"start":{"line":3,"column":21},"end":{"line":7,"column":1}},"1":{"start":{"line":9,"column":18},"end":{"line":26,"column":2}},"2":{"start":{"line":14,"column":12},"end":{"line":14,"column":45}},"3":{"start":{"line":15,"column":12},"end":{"line":15,"column":30}},"4":{"start":{"line":18,"column":12},"end":{"line":18,"column":45}},"5":{"start":{"line":19,"column":12},"end":{"line":19,"column":36}},"6":{"start":{"line":22,"column":12},"end":{"line":22,"column":35}},"7":{"start":{"line":23,"column":12},"end":{"line":23,"column":35}},"8":{"start":{"line":28,"column":31},"end":{"line":28,"column":55}},"9":{"start":{"line":28,"column":40},"end":{"line":28,"column":55}},"10":{"start":{"line":29,"column":31},"end":{"line":29,"column":55}},"11":{"start":{"line":29,"column":40},"end":{"line":29,"column":55}},"12":{"start":{"line":30,"column":31},"end":{"line":30,"column":55}},"13":{"start":{"line":30,"column":40},"end":{"line":30,"column":55}},"14":{"start":{"line":32,"column":49},"end":{"line":32,"column":66}}},"fnMap":{"0":{"name":"(anonymous_0)","decl":{"start":{"line":13,"column":22},"end":{"line":13,"column":23}},"loc":{"start":{"line":13,"column":41},"end":{"line":16,"column":9}},"line":13},"1":{"name":"(anonymous_1)","decl":{"start":{"line":17,"column":16},"end":{"line":17,"column":17}},"loc":{"start":{"line":17,"column":35},"end":{"line":20,"column":9}},"line":17},"2":{"name":"(anonymous_2)","decl":{"start":{"line":21,"column":17},"end":{"line":21,"column":18}},"loc":{"start":{"line":21,"column":28},"end":{"line":24,"column":9}},"line":21},"3":{"name":"(anonymous_3)","decl":{"start":{"line":28,"column":31},"end":{"line":28,"column":32}},"loc":{"start":{"line":28,"column":40},"end":{"line":28,"column":55}},"line":28},"4":{"name":"(anonymous_4)","decl":{"start":{"line":29,"column":31},"end":{"line":29,"column":32}},"loc":{"start":{"line":29,"column":40},"end":{"line":29,"column":55}},"line":29},"5":{"name":"(anonymous_5)","decl":{"start":{"line":30,"column":31},"end":{"line":30,"column":32}},"loc":{"start":{"line":30,"column":40},"end":{"line":30,"column":55}},"line":30}},"branchMap":{},"s":{"0":7,"1":7,"2":3,"3":3,"4":2,"5":2,"6":0,"7":0,"8":7,"9":0,"10":7,"11":0,"12":7,"13":0,"14":7},"f":{"0":3,"1":2,"2":0,"3":0,"4":0,"5":0},"b":{},"_coverageSchema":"1a1c01bbd47fc00a2c39e90264f33305004495a9","hash":"c9a60cbb8c53e8a91d048224ceb578e477605691"}
,"/Users/cmorris/Projects/yozu-games-chris/src/redux/store.js": {"path":"/Users/cmorris/Projects/yozu-games-chris/src/redux/store.js","statementMap":{"0":{"start":{"line":6,"column":21},"end":{"line":11,"column":2}}},"fnMap":{},"branchMap":{},"s":{"0":7},"f":{},"b":{},"_coverageSchema":"1a1c01bbd47fc00a2c39e90264f33305004495a9","hash":"79bfd505b7806bf4ba53123a9562fdf8defe7a7e"}
,"/Users/cmorris/Projects/yozu-games-chris/src/screens/Awards/AwardsScreen.js": {"path":"/Users/cmorris/Projects/yozu-games-chris/src/screens/Awards/AwardsScreen.js","statementMap":{"0":{"start":{"line":5,"column":21},"end":{"line":20,"column":1}},"1":{"start":{"line":6,"column":4},"end":{"line":19,"column":5}},"2":{"start":{"line":22,"column":15},"end":{"line":34,"column":2}}},"fnMap":{"0":{"name":"(anonymous_0)","decl":{"start":{"line":5,"column":21},"end":{"line":5,"column":22}},"loc":{"start":{"line":5,"column":27},"end":{"line":20,"column":1}},"line":5}},"branchMap":{},"s":{"0":4,"1":0,"2":4},"f":{"0":0},"b":{},"_coverageSchema":"1a1c01bbd47fc00a2c39e90264f33305004495a9","hash":"8a3e69e435e25b4770da2c1e539e3b835520fcdd"}
,"/Users/cmorris/Projects/yozu-games-chris/src/screens/EndGame/EndGameScreen.js": {"path":"/Users/cmorris/Projects/yozu-games-chris/src/screens/EndGame/EndGameScreen.js","statementMap":{"0":{"start":{"line":7,"column":22},"end":{"line":58,"column":1}},"1":{"start":{"line":8,"column":28},"end":{"line":8,"column":40}},"2":{"start":{"line":9,"column":21},"end":{"line":9,"column":34}},"3":{"start":{"line":11,"column":18},"end":{"line":11,"column":56}},"4":{"start":{"line":11,"column":39},"end":{"line":11,"column":55}},"5":{"start":{"line":13,"column":4},"end":{"line":21,"column":6}},"6":{"start":{"line":15,"column":12},"end":{"line":19,"column":13}},"7":{"start":{"line":16,"column":16},"end":{"line":16,"column":38}},"8":{"start":{"line":17,"column":16},"end":{"line":17,"column":46}},"9":{"start":{"line":18,"column":16},"end":{"line":18,"column":44}},"10":{"start":{"line":23,"column":4},"end":{"line":57,"column":5}},"11":{"start":{"line":55,"column":77},"end":{"line":55,"column":104}},"12":{"start":{"line":60,"column":15},"end":{"line":135,"column":2}}},"fnMap":{"0":{"name":"(anonymous_0)","decl":{"start":{"line":7,"column":22},"end":{"line":7,"column":23}},"loc":{"start":{"line":7,"column":49},"end":{"line":58,"column":1}},"line":7},"1":{"name":"(anonymous_1)","decl":{"start":{"line":11,"column":30},"end":{"line":11,"column":31}},"loc":{"start":{"line":11,"column":39},"end":{"line":11,"column":55}},"line":11},"2":{"name":"(anonymous_2)","decl":{"start":{"line":14,"column":20},"end":{"line":14,"column":21}},"loc":{"start":{"line":14,"column":26},"end":{"line":20,"column":9}},"line":14},"3":{"name":"(anonymous_3)","decl":{"start":{"line":15,"column":19},"end":{"line":15,"column":20}},"loc":{"start":{"line":15,"column":25},"end":{"line":19,"column":13}},"line":15},"4":{"name":"(anonymous_4)","decl":{"start":{"line":55,"column":71},"end":{"line":55,"column":72}},"loc":{"start":{"line":55,"column":77},"end":{"line":55,"column":104}},"line":55}},"branchMap":{"0":{"loc":{"start":{"line":27,"column":17},"end":{"line":36,"column":23}},"type":"cond-expr","locations":[{"start":{"line":28,"column":20},"end":{"line":31,"column":23}},{"start":{"line":33,"column":20},"end":{"line":36,"column":23}}],"line":27},"1":{"loc":{"start":{"line":40,"column":17},"end":{"line":52,"column":23}},"type":"cond-expr","locations":[{"start":{"line":41,"column":20},"end":{"line":45,"column":23}},{"start":{"line":47,"column":20},"end":{"line":52,"column":23}}],"line":40}},"s":{"0":4,"1":0,"2":0,"3":0,"4":0,"5":0,"6":0,"7":0,"8":0,"9":0,"10":0,"11":0,"12":4},"f":{"0":0,"1":0,"2":0,"3":0,"4":0},"b":{"0":[0,0],"1":[0,0]},"_coverageSchema":"1a1c01bbd47fc00a2c39e90264f33305004495a9","hash":"79c528a36c50c1836159f01e5dc55cbe1e52bd69"}
,"/Users/cmorris/Projects/yozu-games-chris/src/screens/Home/HomeScreen.js": {"path":"/Users/cmorris/Projects/yozu-games-chris/src/screens/Home/HomeScreen.js","statementMap":{"0":{"start":{"line":8,"column":27},"end":{"line":83,"column":1}},"1":{"start":{"line":9,"column":21},"end":{"line":9,"column":34}},"2":{"start":{"line":11,"column":25},"end":{"line":11,"column":64}},"3":{"start":{"line":12,"column":25},"end":{"line":12,"column":64}},"4":{"start":{"line":13,"column":25},"end":{"line":13,"column":64}},"5":{"start":{"line":14,"column":25},"end":{"line":14,"column":64}},"6":{"start":{"line":16,"column":20},"end":{"line":54,"column":5}},"7":{"start":{"line":17,"column":8},"end":{"line":53,"column":19}},"8":{"start":{"line":56,"column":4},"end":{"line":68,"column":6}},"9":{"start":{"line":58,"column":12},"end":{"line":58,"column":22}},"10":{"start":{"line":59,"column":12},"end":{"line":59,"column":34}},"11":{"start":{"line":60,"column":12},"end":{"line":60,"column":39}},"12":{"start":{"line":61,"column":12},"end":{"line":66,"column":13}},"13":{"start":{"line":62,"column":16},"end":{"line":62,"column":43}},"14":{"start":{"line":63,"column":16},"end":{"line":63,"column":43}},"15":{"start":{"line":64,"column":16},"end":{"line":64,"column":43}},"16":{"start":{"line":65,"column":16},"end":{"line":65,"column":43}},"17":{"start":{"line":70,"column":4},"end":{"line":82,"column":5}},"18":{"start":{"line":76,"column":190},"end":{"line":76,"column":217}},"19":{"start":{"line":77,"column":165},"end":{"line":77,"column":220}},"20":{"start":{"line":78,"column":162},"end":{"line":78,"column":213}},"21":{"start":{"line":79,"column":172},"end":{"line":79,"column":234}},"22":{"start":{"line":85,"column":0},"end":{"line":89,"column":2}},"23":{"start":{"line":86,"column":4},"end":{"line":88,"column":6}},"24":{"start":{"line":91,"column":15},"end":{"line":131,"column":2}}},"fnMap":{"0":{"name":"(anonymous_0)","decl":{"start":{"line":8,"column":27},"end":{"line":8,"column":28}},"loc":{"start":{"line":8,"column":47},"end":{"line":83,"column":1}},"line":8},"1":{"name":"(anonymous_1)","decl":{"start":{"line":16,"column":20},"end":{"line":16,"column":21}},"loc":{"start":{"line":16,"column":26},"end":{"line":54,"column":5}},"line":16},"2":{"name":"(anonymous_2)","decl":{"start":{"line":57,"column":20},"end":{"line":57,"column":21}},"loc":{"start":{"line":57,"column":26},"end":{"line":67,"column":9}},"line":57},"3":{"name":"(anonymous_3)","decl":{"start":{"line":61,"column":19},"end":{"line":61,"column":20}},"loc":{"start":{"line":61,"column":25},"end":{"line":66,"column":13}},"line":61},"4":{"name":"(anonymous_4)","decl":{"start":{"line":76,"column":184},"end":{"line":76,"column":185}},"loc":{"start":{"line":76,"column":190},"end":{"line":76,"column":217}},"line":76},"5":{"name":"(anonymous_5)","decl":{"start":{"line":77,"column":159},"end":{"line":77,"column":160}},"loc":{"start":{"line":77,"column":165},"end":{"line":77,"column":220}},"line":77},"6":{"name":"(anonymous_6)","decl":{"start":{"line":78,"column":156},"end":{"line":78,"column":157}},"loc":{"start":{"line":78,"column":162},"end":{"line":78,"column":213}},"line":78},"7":{"name":"(anonymous_7)","decl":{"start":{"line":79,"column":166},"end":{"line":79,"column":167}},"loc":{"start":{"line":79,"column":172},"end":{"line":79,"column":234}},"line":79},"8":{"name":"(anonymous_8)","decl":{"start":{"line":85,"column":39},"end":{"line":85,"column":40}},"loc":{"start":{"line":85,"column":45},"end":{"line":89,"column":1}},"line":85}},"branchMap":{},"s":{"0":4,"1":3,"2":3,"3":3,"4":3,"5":3,"6":3,"7":3,"8":3,"9":3,"10":3,"11":3,"12":3,"13":2,"14":2,"15":2,"16":2,"17":3,"18":0,"19":0,"20":0,"21":0,"22":4,"23":0,"24":4},"f":{"0":3,"1":3,"2":3,"3":2,"4":0,"5":0,"6":0,"7":0,"8":0},"b":{},"_coverageSchema":"1a1c01bbd47fc00a2c39e90264f33305004495a9","hash":"fc694309b18355ba4c9e74ab5d65d7df3c33a2da"}
,"/Users/cmorris/Projects/yozu-games-chris/src/screens/Play/PlayScreen.js": {"path":"/Users/cmorris/Projects/yozu-games-chris/src/screens/Play/PlayScreen.js","statementMap":{"0":{"start":{"line":13,"column":19},"end":{"line":110,"column":1}},"1":{"start":{"line":14,"column":28},"end":{"line":14,"column":43}},"2":{"start":{"line":15,"column":28},"end":{"line":15,"column":39}},"3":{"start":{"line":16,"column":21},"end":{"line":16,"column":34}},"4":{"start":{"line":17,"column":25},"end":{"line":17,"column":70}},"5":{"start":{"line":17,"column":46},"end":{"line":17,"column":69}},"6":{"start":{"line":18,"column":22},"end":{"line":18,"column":64}},"7":{"start":{"line":18,"column":43},"end":{"line":18,"column":63}},"8":{"start":{"line":21,"column":17},"end":{"line":21,"column":58}},"9":{"start":{"line":21,"column":38},"end":{"line":21,"column":57}},"10":{"start":{"line":23,"column":4},"end":{"line":28,"column":5}},"11":{"start":{"line":25,"column":12},"end":{"line":25,"column":39}},"12":{"start":{"line":26,"column":12},"end":{"line":26,"column":27}},"13":{"start":{"line":30,"column":28},"end":{"line":33,"column":5}},"14":{"start":{"line":31,"column":8},"end":{"line":31,"column":22}},"15":{"start":{"line":32,"column":8},"end":{"line":32,"column":30}},"16":{"start":{"line":35,"column":20},"end":{"line":35,"column":57}},"17":{"start":{"line":37,"column":20},"end":{"line":66,"column":5}},"18":{"start":{"line":38,"column":8},"end":{"line":38,"column":34}},"19":{"start":{"line":38,"column":24},"end":{"line":38,"column":32}},"20":{"start":{"line":39,"column":20},"end":{"line":39,"column":23}},"21":{"start":{"line":40,"column":8},"end":{"line":42,"column":9}},"22":{"start":{"line":41,"column":12},"end":{"line":41,"column":25}},"23":{"start":{"line":43,"column":8},"end":{"line":65,"column":10}},"24":{"start":{"line":52,"column":12},"end":{"line":52,"column":39}},"25":{"start":{"line":53,"column":12},"end":{"line":53,"column":32}},"26":{"start":{"line":55,"column":12},"end":{"line":64,"column":13}},"27":{"start":{"line":56,"column":16},"end":{"line":56,"column":33}},"28":{"start":{"line":57,"column":16},"end":{"line":63,"column":24}},"29":{"start":{"line":58,"column":20},"end":{"line":62,"column":21}},"30":{"start":{"line":59,"column":24},"end":{"line":59,"column":79}},"31":{"start":{"line":61,"column":24},"end":{"line":61,"column":80}},"32":{"start":{"line":68,"column":4},"end":{"line":109,"column":5}},"33":{"start":{"line":79,"column":28},"end":{"line":85,"column":29}},"34":{"start":{"line":80,"column":32},"end":{"line":84,"column":33}},"35":{"start":{"line":87,"column":28},"end":{"line":91,"column":29}},"36":{"start":{"line":88,"column":32},"end":{"line":90,"column":33}},"37":{"start":{"line":112,"column":15},"end":{"line":154,"column":2}}},"fnMap":{"0":{"name":"(anonymous_0)","decl":{"start":{"line":13,"column":19},"end":{"line":13,"column":20}},"loc":{"start":{"line":13,"column":39},"end":{"line":110,"column":1}},"line":13},"1":{"name":"(anonymous_1)","decl":{"start":{"line":17,"column":37},"end":{"line":17,"column":38}},"loc":{"start":{"line":17,"column":46},"end":{"line":17,"column":69}},"line":17},"2":{"name":"(anonymous_2)","decl":{"start":{"line":18,"column":34},"end":{"line":18,"column":35}},"loc":{"start":{"line":18,"column":43},"end":{"line":18,"column":63}},"line":18},"3":{"name":"(anonymous_3)","decl":{"start":{"line":21,"column":29},"end":{"line":21,"column":30}},"loc":{"start":{"line":21,"column":38},"end":{"line":21,"column":57}},"line":21},"4":{"name":"(anonymous_4)","decl":{"start":{"line":24,"column":20},"end":{"line":24,"column":21}},"loc":{"start":{"line":24,"column":26},"end":{"line":27,"column":9}},"line":24},"5":{"name":"(anonymous_5)","decl":{"start":{"line":30,"column":28},"end":{"line":30,"column":29}},"loc":{"start":{"line":30,"column":34},"end":{"line":33,"column":5}},"line":30},"6":{"name":"(anonymous_6)","decl":{"start":{"line":37,"column":20},"end":{"line":37,"column":21}},"loc":{"start":{"line":37,"column":35},"end":{"line":66,"column":5}},"line":37},"7":{"name":"(anonymous_7)","decl":{"start":{"line":38,"column":16},"end":{"line":38,"column":17}},"loc":{"start":{"line":38,"column":24},"end":{"line":38,"column":32}},"line":38},"8":{"name":"(anonymous_8)","decl":{"start":{"line":50,"column":16},"end":{"line":50,"column":17}},"loc":{"start":{"line":50,"column":22},"end":{"line":65,"column":9}},"line":50},"9":{"name":"(anonymous_9)","decl":{"start":{"line":57,"column":27},"end":{"line":57,"column":28}},"loc":{"start":{"line":57,"column":33},"end":{"line":63,"column":17}},"line":57},"10":{"name":"(anonymous_10)","decl":{"start":{"line":77,"column":34},"end":{"line":77,"column":35}},"loc":{"start":{"line":77,"column":47},"end":{"line":92,"column":25}},"line":77}},"branchMap":{"0":{"loc":{"start":{"line":40,"column":8},"end":{"line":42,"column":9}},"type":"if","locations":[{"start":{"line":40,"column":8},"end":{"line":42,"column":9}},{"start":{},"end":{}}],"line":40},"1":{"loc":{"start":{"line":55,"column":12},"end":{"line":64,"column":13}},"type":"if","locations":[{"start":{"line":55,"column":12},"end":{"line":64,"column":13}},{"start":{},"end":{}}],"line":55},"2":{"loc":{"start":{"line":58,"column":20},"end":{"line":62,"column":21}},"type":"if","locations":[{"start":{"line":58,"column":20},"end":{"line":62,"column":21}},{"start":{"line":60,"column":27},"end":{"line":62,"column":21}}],"line":58},"3":{"loc":{"start":{"line":70,"column":13},"end":{"line":106,"column":13}},"type":"cond-expr","locations":[{"start":{"line":71,"column":16},"end":{"line":100,"column":19}},{"start":{"line":102,"column":16},"end":{"line":105,"column":23}}],"line":70},"4":{"loc":{"start":{"line":79,"column":28},"end":{"line":85,"column":29}},"type":"if","locations":[{"start":{"line":79,"column":28},"end":{"line":85,"column":29}},{"start":{},"end":{}}],"line":79},"5":{"loc":{"start":{"line":87,"column":28},"end":{"line":91,"column":29}},"type":"if","locations":[{"start":{"line":87,"column":28},"end":{"line":91,"column":29}},{"start":{},"end":{}}],"line":87},"6":{"loc":{"start":{"line":94,"column":21},"end":{"line":97,"column":88}},"type":"cond-expr","locations":[{"start":{"line":95,"column":24},"end":{"line":95,"column":61}},{"start":{"line":97,"column":24},"end":{"line":97,"column":88}}],"line":94}},"s":{"0":6,"1":14,"2":14,"3":14,"4":14,"5":23,"6":14,"7":23,"8":14,"9":23,"10":14,"11":4,"12":4,"13":14,"14":4,"15":4,"16":14,"17":14,"18":2,"19":2,"20":2,"21":2,"22":1,"23":2,"24":2,"25":2,"26":2,"27":0,"28":0,"29":0,"30":0,"31":0,"32":14,"33":59,"34":6,"35":53,"36":53,"37":6},"f":{"0":14,"1":23,"2":23,"3":23,"4":4,"5":4,"6":2,"7":2,"8":2,"9":0,"10":59},"b":{"0":[1,1],"1":[0,2],"2":[0,0],"3":[6,8],"4":[6,53],"5":[53,0],"6":[6,0]},"_coverageSchema":"1a1c01bbd47fc00a2c39e90264f33305004495a9","hash":"a7879abf89083e2f98722582a62b12f1a6e2feda"}
,"/Users/cmorris/Projects/yozu-games-chris/src/screens/Play/PlayScreenSlice.js": {"path":"/Users/cmorris/Projects/yozu-games-chris/src/screens/Play/PlayScreenSlice.js","statementMap":{"0":{"start":{"line":2,"column":16},"end":{"line":2,"column":88}},"1":{"start":{"line":4,"column":21},"end":{"line":19,"column":1}},"2":{"start":{"line":21,"column":21},"end":{"line":44,"column":1}},"3":{"start":{"line":22,"column":18},"end":{"line":22,"column":55}},"4":{"start":{"line":23,"column":20},"end":{"line":23,"column":92}},"5":{"start":{"line":24,"column":4},"end":{"line":32,"column":5}},"6":{"start":{"line":24,"column":17},"end":{"line":24,"column":18}},"7":{"start":{"line":25,"column":26},"end":{"line":25,"column":76}},"8":{"start":{"line":26,"column":21},"end":{"line":26,"column":37}},"9":{"start":{"line":28,"column":28},"end":{"line":28,"column":80}},"10":{"start":{"line":29,"column":23},"end":{"line":29,"column":43}},"11":{"start":{"line":31,"column":8},"end":{"line":31,"column":46}},"12":{"start":{"line":34,"column":4},"end":{"line":37,"column":6}},"13":{"start":{"line":38,"column":4},"end":{"line":41,"column":6}},"14":{"start":{"line":42,"column":4},"end":{"line":42,"column":20}},"15":{"start":{"line":43,"column":4},"end":{"line":43,"column":28}},"16":{"start":{"line":46,"column":24},"end":{"line":99,"column":2}},"17":{"start":{"line":51,"column":12},"end":{"line":51,"column":32}},"18":{"start":{"line":54,"column":12},"end":{"line":54,"column":47}},"19":{"start":{"line":55,"column":12},"end":{"line":55,"column":40}},"20":{"start":{"line":56,"column":12},"end":{"line":56,"column":50}},"21":{"start":{"line":58,"column":12},"end":{"line":66,"column":13}},"22":{"start":{"line":59,"column":16},"end":{"line":61,"column":17}},"23":{"start":{"line":60,"column":20},"end":{"line":60,"column":37}},"24":{"start":{"line":63,"column":16},"end":{"line":65,"column":17}},"25":{"start":{"line":64,"column":20},"end":{"line":64,"column":37}},"26":{"start":{"line":68,"column":12},"end":{"line":71,"column":13}},"27":{"start":{"line":69,"column":16},"end":{"line":69,"column":46}},"28":{"start":{"line":70,"column":16},"end":{"line":70,"column":42}},"29":{"start":{"line":74,"column":12},"end":{"line":74,"column":38}},"30":{"start":{"line":75,"column":12},"end":{"line":75,"column":43}},"31":{"start":{"line":76,"column":12},"end":{"line":76,"column":32}},"32":{"start":{"line":79,"column":12},"end":{"line":79,"column":32}},"33":{"start":{"line":80,"column":12},"end":{"line":83,"column":14}},"34":{"start":{"line":84,"column":12},"end":{"line":87,"column":14}},"35":{"start":{"line":88,"column":12},"end":{"line":88,"column":32}},"36":{"start":{"line":89,"column":12},"end":{"line":89,"column":28}},"37":{"start":{"line":92,"column":12},"end":{"line":92,"column":32}},"38":{"start":{"line":93,"column":12},"end":{"line":93,"column":39}},"39":{"start":{"line":96,"column":12},"end":{"line":96,"column":39}},"40":{"start":{"line":101,"column":27},"end":{"line":101,"column":47}},"41":{"start":{"line":101,"column":36},"end":{"line":101,"column":47}},"42":{"start":{"line":102,"column":31},"end":{"line":102,"column":55}},"43":{"start":{"line":102,"column":40},"end":{"line":102,"column":55}},"44":{"start":{"line":103,"column":33},"end":{"line":103,"column":59}},"45":{"start":{"line":103,"column":42},"end":{"line":103,"column":59}},"46":{"start":{"line":104,"column":30},"end":{"line":104,"column":53}},"47":{"start":{"line":104,"column":39},"end":{"line":104,"column":53}},"48":{"start":{"line":106,"column":94},"end":{"line":106,"column":117}}},"fnMap":{"0":{"name":"(anonymous_0)","decl":{"start":{"line":21,"column":21},"end":{"line":21,"column":22}},"loc":{"start":{"line":21,"column":32},"end":{"line":44,"column":1}},"line":21},"1":{"name":"(anonymous_1)","decl":{"start":{"line":50,"column":19},"end":{"line":50,"column":20}},"loc":{"start":{"line":50,"column":30},"end":{"line":52,"column":9}},"line":50},"2":{"name":"(anonymous_2)","decl":{"start":{"line":53,"column":15},"end":{"line":53,"column":16}},"loc":{"start":{"line":53,"column":34},"end":{"line":72,"column":9}},"line":53},"3":{"name":"(anonymous_3)","decl":{"start":{"line":73,"column":20},"end":{"line":73,"column":21}},"loc":{"start":{"line":73,"column":39},"end":{"line":77,"column":9}},"line":73},"4":{"name":"(anonymous_4)","decl":{"start":{"line":78,"column":19},"end":{"line":78,"column":20}},"loc":{"start":{"line":78,"column":30},"end":{"line":90,"column":9}},"line":78},"5":{"name":"(anonymous_5)","decl":{"start":{"line":91,"column":24},"end":{"line":91,"column":25}},"loc":{"start":{"line":91,"column":35},"end":{"line":94,"column":9}},"line":91},"6":{"name":"(anonymous_6)","decl":{"start":{"line":95,"column":27},"end":{"line":95,"column":28}},"loc":{"start":{"line":95,"column":38},"end":{"line":97,"column":9}},"line":95},"7":{"name":"(anonymous_7)","decl":{"start":{"line":101,"column":27},"end":{"line":101,"column":28}},"loc":{"start":{"line":101,"column":36},"end":{"line":101,"column":47}},"line":101},"8":{"name":"(anonymous_8)","decl":{"start":{"line":102,"column":31},"end":{"line":102,"column":32}},"loc":{"start":{"line":102,"column":40},"end":{"line":102,"column":55}},"line":102},"9":{"name":"(anonymous_9)","decl":{"start":{"line":103,"column":33},"end":{"line":103,"column":34}},"loc":{"start":{"line":103,"column":42},"end":{"line":103,"column":59}},"line":103},"10":{"name":"(anonymous_10)","decl":{"start":{"line":104,"column":30},"end":{"line":104,"column":31}},"loc":{"start":{"line":104,"column":39},"end":{"line":104,"column":53}},"line":104}},"branchMap":{"0":{"loc":{"start":{"line":58,"column":12},"end":{"line":66,"column":13}},"type":"if","locations":[{"start":{"line":58,"column":12},"end":{"line":66,"column":13}},{"start":{"line":62,"column":19},"end":{"line":66,"column":13}}],"line":58},"1":{"loc":{"start":{"line":59,"column":16},"end":{"line":61,"column":17}},"type":"if","locations":[{"start":{"line":59,"column":16},"end":{"line":61,"column":17}},{"start":{},"end":{}}],"line":59},"2":{"loc":{"start":{"line":63,"column":16},"end":{"line":65,"column":17}},"type":"if","locations":[{"start":{"line":63,"column":16},"end":{"line":65,"column":17}},{"start":{},"end":{}}],"line":63},"3":{"loc":{"start":{"line":68,"column":12},"end":{"line":71,"column":13}},"type":"if","locations":[{"start":{"line":68,"column":12},"end":{"line":71,"column":13}},{"start":{},"end":{}}],"line":68}},"s":{"0":7,"1":7,"2":7,"3":4,"4":4,"5":4,"6":4,"7":40,"8":40,"9":40,"10":40,"11":40,"12":4,"13":4,"14":4,"15":4,"16":7,"17":4,"18":2,"19":2,"20":2,"21":2,"22":1,"23":1,"24":1,"25":0,"26":2,"27":1,"28":1,"29":4,"30":4,"31":4,"32":3,"33":3,"34":3,"35":3,"36":3,"37":3,"38":3,"39":0,"40":7,"41":0,"42":7,"43":0,"44":7,"45":0,"46":7,"47":0,"48":7},"f":{"0":4,"1":4,"2":2,"3":4,"4":3,"5":3,"6":0,"7":0,"8":0,"9":0,"10":0},"b":{"0":[1,1],"1":[1,0],"2":[0,1],"3":[1,1]},"_coverageSchema":"1a1c01bbd47fc00a2c39e90264f33305004495a9","hash":"4e6e65c961ba0ce5d196bb3b0a3eb3f912f9f9fd"}
,"/Users/cmorris/Projects/yozu-games-chris/src/screens/Profile/ProfileScreen.js": {"path":"/Users/cmorris/Projects/yozu-games-chris/src/screens/Profile/ProfileScreen.js","statementMap":{"0":{"start":{"line":7,"column":22},"end":{"line":18,"column":1}},"1":{"start":{"line":8,"column":21},"end":{"line":8,"column":34}},"2":{"start":{"line":10,"column":4},"end":{"line":17,"column":5}},"3":{"start":{"line":15,"column":77},"end":{"line":15,"column":96}},"4":{"start":{"line":20,"column":15},"end":{"line":43,"column":2}}},"fnMap":{"0":{"name":"(anonymous_0)","decl":{"start":{"line":7,"column":22},"end":{"line":7,"column":23}},"loc":{"start":{"line":7,"column":28},"end":{"line":18,"column":1}},"line":7},"1":{"name":"(anonymous_1)","decl":{"start":{"line":15,"column":71},"end":{"line":15,"column":72}},"loc":{"start":{"line":15,"column":77},"end":{"line":15,"column":96}},"line":15}},"branchMap":{},"s":{"0":5,"1":2,"2":2,"3":0,"4":5},"f":{"0":2,"1":0},"b":{},"_coverageSchema":"1a1c01bbd47fc00a2c39e90264f33305004495a9","hash":"c2b9d0527416caf2a329a4c6c9132d6788851dd6"}
,"/Users/cmorris/Projects/yozu-games-chris/src/screens/Signin/SigninScreen.js": {"path":"/Users/cmorris/Projects/yozu-games-chris/src/screens/Signin/SigninScreen.js","statementMap":{"0":{"start":{"line":7,"column":21},"end":{"line":102,"column":1}},"1":{"start":{"line":8,"column":36},"end":{"line":8,"column":48}},"2":{"start":{"line":9,"column":50},"end":{"line":9,"column":65}},"3":{"start":{"line":10,"column":36},"end":{"line":10,"column":48}},"4":{"start":{"line":11,"column":50},"end":{"line":11,"column":65}},"5":{"start":{"line":12,"column":40},"end":{"line":12,"column":55}},"6":{"start":{"line":13,"column":21},"end":{"line":13,"column":34}},"7":{"start":{"line":15,"column":4},"end":{"line":41,"column":29}},"8":{"start":{"line":16,"column":8},"end":{"line":20,"column":9}},"9":{"start":{"line":17,"column":12},"end":{"line":17,"column":37}},"10":{"start":{"line":19,"column":12},"end":{"line":19,"column":38}},"11":{"start":{"line":22,"column":8},"end":{"line":24,"column":9}},"12":{"start":{"line":23,"column":12},"end":{"line":23,"column":38}},"13":{"start":{"line":26,"column":8},"end":{"line":30,"column":9}},"14":{"start":{"line":27,"column":12},"end":{"line":27,"column":37}},"15":{"start":{"line":29,"column":12},"end":{"line":29,"column":38}},"16":{"start":{"line":32,"column":8},"end":{"line":34,"column":9}},"17":{"start":{"line":33,"column":12},"end":{"line":33,"column":38}},"18":{"start":{"line":36,"column":8},"end":{"line":40,"column":9}},"19":{"start":{"line":37,"column":12},"end":{"line":37,"column":38}},"20":{"start":{"line":38,"column":12},"end":{"line":38,"column":38}},"21":{"start":{"line":39,"column":12},"end":{"line":39,"column":32}},"22":{"start":{"line":43,"column":24},"end":{"line":50,"column":9}},"23":{"start":{"line":44,"column":8},"end":{"line":50,"column":9}},"24":{"start":{"line":52,"column":24},"end":{"line":52,"column":36}},"25":{"start":{"line":53,"column":4},"end":{"line":55,"column":5}},"26":{"start":{"line":54,"column":8},"end":{"line":54,"column":60}},"27":{"start":{"line":57,"column":24},"end":{"line":57,"column":36}},"28":{"start":{"line":58,"column":4},"end":{"line":60,"column":5}},"29":{"start":{"line":59,"column":8},"end":{"line":59,"column":60}},"30":{"start":{"line":62,"column":4},"end":{"line":101,"column":6}},"31":{"start":{"line":96,"column":74},"end":{"line":96,"column":105}},"32":{"start":{"line":104,"column":15},"end":{"line":140,"column":2}}},"fnMap":{"0":{"name":"(anonymous_0)","decl":{"start":{"line":7,"column":21},"end":{"line":7,"column":22}},"loc":{"start":{"line":7,"column":27},"end":{"line":102,"column":1}},"line":7},"1":{"name":"(anonymous_1)","decl":{"start":{"line":15,"column":14},"end":{"line":15,"column":15}},"loc":{"start":{"line":15,"column":20},"end":{"line":41,"column":5}},"line":15},"2":{"name":"(anonymous_2)","decl":{"start":{"line":43,"column":24},"end":{"line":43,"column":25}},"loc":{"start":{"line":44,"column":8},"end":{"line":50,"column":9}},"line":44},"3":{"name":"(anonymous_3)","decl":{"start":{"line":96,"column":68},"end":{"line":96,"column":69}},"loc":{"start":{"line":96,"column":74},"end":{"line":96,"column":105}},"line":96}},"branchMap":{"0":{"loc":{"start":{"line":16,"column":8},"end":{"line":20,"column":9}},"type":"if","locations":[{"start":{"line":16,"column":8},"end":{"line":20,"column":9}},{"start":{"line":18,"column":15},"end":{"line":20,"column":9}}],"line":16},"1":{"loc":{"start":{"line":22,"column":8},"end":{"line":24,"column":9}},"type":"if","locations":[{"start":{"line":22,"column":8},"end":{"line":24,"column":9}},{"start":{},"end":{}}],"line":22},"2":{"loc":{"start":{"line":26,"column":8},"end":{"line":30,"column":9}},"type":"if","locations":[{"start":{"line":26,"column":8},"end":{"line":30,"column":9}},{"start":{"line":28,"column":15},"end":{"line":30,"column":9}}],"line":26},"3":{"loc":{"start":{"line":32,"column":8},"end":{"line":34,"column":9}},"type":"if","locations":[{"start":{"line":32,"column":8},"end":{"line":34,"column":9}},{"start":{},"end":{}}],"line":32},"4":{"loc":{"start":{"line":36,"column":8},"end":{"line":40,"column":9}},"type":"if","locations":[{"start":{"line":36,"column":8},"end":{"line":40,"column":9}},{"start":{},"end":{}}],"line":36},"5":{"loc":{"start":{"line":36,"column":12},"end":{"line":36,"column":56}},"type":"binary-expr","locations":[{"start":{"line":36,"column":12},"end":{"line":36,"column":32}},{"start":{"line":36,"column":36},"end":{"line":36,"column":56}}],"line":36},"6":{"loc":{"start":{"line":53,"column":4},"end":{"line":55,"column":5}},"type":"if","locations":[{"start":{"line":53,"column":4},"end":{"line":55,"column":5}},{"start":{},"end":{}}],"line":53},"7":{"loc":{"start":{"line":58,"column":4},"end":{"line":60,"column":5}},"type":"if","locations":[{"start":{"line":58,"column":4},"end":{"line":60,"column":5}},{"start":{},"end":{}}],"line":58},"8":{"loc":{"start":{"line":95,"column":14},"end":{"line":98,"column":214}},"type":"cond-expr","locations":[{"start":{"line":96,"column":16},"end":{"line":96,"column":214}},{"start":{"line":98,"column":16},"end":{"line":98,"column":214}}],"line":95}},"s":{"0":4,"1":38,"2":38,"3":38,"4":38,"5":38,"6":38,"7":38,"8":19,"9":15,"10":4,"11":19,"12":14,"13":19,"14":17,"15":2,"16":19,"17":16,"18":19,"19":2,"20":2,"21":2,"22":38,"23":1,"24":38,"25":38,"26":1,"27":38,"28":38,"29":1,"30":38,"31":1,"32":4},"f":{"0":38,"1":19,"2":1,"3":1},"b":{"0":[15,4],"1":[14,5],"2":[17,2],"3":[16,3],"4":[2,17],"5":[19,4],"6":[1,37],"7":[1,37],"8":[2,36]},"_coverageSchema":"1a1c01bbd47fc00a2c39e90264f33305004495a9","hash":"774e2dac1ad39676ef5ddb9a5a6ca97d33726da7"}
,"/Users/cmorris/Projects/yozu-games-chris/src/screens/Signup/SignupScreen.js": {"path":"/Users/cmorris/Projects/yozu-games-chris/src/screens/Signup/SignupScreen.js","statementMap":{"0":{"start":{"line":9,"column":21},"end":{"line":158,"column":1}},"1":{"start":{"line":10,"column":38},"end":{"line":10,"column":50}},"2":{"start":{"line":11,"column":52},"end":{"line":11,"column":67}},"3":{"start":{"line":12,"column":36},"end":{"line":12,"column":48}},"4":{"start":{"line":13,"column":50},"end":{"line":13,"column":65}},"5":{"start":{"line":14,"column":36},"end":{"line":14,"column":48}},"6":{"start":{"line":15,"column":50},"end":{"line":15,"column":65}},"7":{"start":{"line":16,"column":36},"end":{"line":16,"column":48}},"8":{"start":{"line":17,"column":50},"end":{"line":17,"column":65}},"9":{"start":{"line":18,"column":40},"end":{"line":18,"column":55}},"10":{"start":{"line":19,"column":21},"end":{"line":19,"column":34}},"11":{"start":{"line":21,"column":4},"end":{"line":71,"column":50}},"12":{"start":{"line":22,"column":8},"end":{"line":26,"column":9}},"13":{"start":{"line":23,"column":12},"end":{"line":23,"column":38}},"14":{"start":{"line":25,"column":12},"end":{"line":25,"column":39}},"15":{"start":{"line":28,"column":8},"end":{"line":30,"column":9}},"16":{"start":{"line":29,"column":12},"end":{"line":29,"column":39}},"17":{"start":{"line":32,"column":8},"end":{"line":36,"column":9}},"18":{"start":{"line":33,"column":12},"end":{"line":33,"column":37}},"19":{"start":{"line":35,"column":12},"end":{"line":35,"column":38}},"20":{"start":{"line":38,"column":8},"end":{"line":40,"column":9}},"21":{"start":{"line":39,"column":12},"end":{"line":39,"column":38}},"22":{"start":{"line":42,"column":8},"end":{"line":46,"column":9}},"23":{"start":{"line":43,"column":12},"end":{"line":43,"column":37}},"24":{"start":{"line":45,"column":12},"end":{"line":45,"column":38}},"25":{"start":{"line":48,"column":8},"end":{"line":50,"column":9}},"26":{"start":{"line":49,"column":12},"end":{"line":49,"column":38}},"27":{"start":{"line":52,"column":8},"end":{"line":56,"column":9}},"28":{"start":{"line":53,"column":12},"end":{"line":53,"column":37}},"29":{"start":{"line":55,"column":12},"end":{"line":55,"column":38}},"30":{"start":{"line":58,"column":8},"end":{"line":60,"column":9}},"31":{"start":{"line":59,"column":12},"end":{"line":59,"column":38}},"32":{"start":{"line":62,"column":8},"end":{"line":70,"column":9}},"33":{"start":{"line":63,"column":12},"end":{"line":63,"column":39}},"34":{"start":{"line":64,"column":12},"end":{"line":64,"column":38}},"35":{"start":{"line":65,"column":12},"end":{"line":65,"column":38}},"36":{"start":{"line":66,"column":12},"end":{"line":66,"column":38}},"37":{"start":{"line":67,"column":12},"end":{"line":67,"column":32}},"38":{"start":{"line":69,"column":12},"end":{"line":69,"column":33}},"39":{"start":{"line":73,"column":24},"end":{"line":80,"column":9}},"40":{"start":{"line":74,"column":8},"end":{"line":80,"column":9}},"41":{"start":{"line":82,"column":24},"end":{"line":82,"column":36}},"42":{"start":{"line":83,"column":4},"end":{"line":85,"column":5}},"43":{"start":{"line":84,"column":8},"end":{"line":84,"column":60}},"44":{"start":{"line":87,"column":24},"end":{"line":87,"column":36}},"45":{"start":{"line":88,"column":4},"end":{"line":90,"column":5}},"46":{"start":{"line":89,"column":8},"end":{"line":89,"column":60}},"47":{"start":{"line":92,"column":4},"end":{"line":157,"column":6}},"48":{"start":{"line":152,"column":71},"end":{"line":152,"column":102}},"49":{"start":{"line":160,"column":15},"end":{"line":196,"column":2}}},"fnMap":{"0":{"name":"(anonymous_0)","decl":{"start":{"line":9,"column":21},"end":{"line":9,"column":22}},"loc":{"start":{"line":9,"column":27},"end":{"line":158,"column":1}},"line":9},"1":{"name":"(anonymous_1)","decl":{"start":{"line":21,"column":14},"end":{"line":21,"column":15}},"loc":{"start":{"line":21,"column":20},"end":{"line":71,"column":5}},"line":21},"2":{"name":"(anonymous_2)","decl":{"start":{"line":73,"column":24},"end":{"line":73,"column":25}},"loc":{"start":{"line":74,"column":8},"end":{"line":80,"column":9}},"line":74},"3":{"name":"(anonymous_3)","decl":{"start":{"line":152,"column":65},"end":{"line":152,"column":66}},"loc":{"start":{"line":152,"column":71},"end":{"line":152,"column":102}},"line":152}},"branchMap":{"0":{"loc":{"start":{"line":22,"column":8},"end":{"line":26,"column":9}},"type":"if","locations":[{"start":{"line":22,"column":8},"end":{"line":26,"column":9}},{"start":{"line":24,"column":15},"end":{"line":26,"column":9}}],"line":22},"1":{"loc":{"start":{"line":28,"column":8},"end":{"line":30,"column":9}},"type":"if","locations":[{"start":{"line":28,"column":8},"end":{"line":30,"column":9}},{"start":{},"end":{}}],"line":28},"2":{"loc":{"start":{"line":32,"column":8},"end":{"line":36,"column":9}},"type":"if","locations":[{"start":{"line":32,"column":8},"end":{"line":36,"column":9}},{"start":{"line":34,"column":15},"end":{"line":36,"column":9}}],"line":32},"3":{"loc":{"start":{"line":38,"column":8},"end":{"line":40,"column":9}},"type":"if","locations":[{"start":{"line":38,"column":8},"end":{"line":40,"column":9}},{"start":{},"end":{}}],"line":38},"4":{"loc":{"start":{"line":42,"column":8},"end":{"line":46,"column":9}},"type":"if","locations":[{"start":{"line":42,"column":8},"end":{"line":46,"column":9}},{"start":{"line":44,"column":15},"end":{"line":46,"column":9}}],"line":42},"5":{"loc":{"start":{"line":48,"column":8},"end":{"line":50,"column":9}},"type":"if","locations":[{"start":{"line":48,"column":8},"end":{"line":50,"column":9}},{"start":{},"end":{}}],"line":48},"6":{"loc":{"start":{"line":52,"column":8},"end":{"line":56,"column":9}},"type":"if","locations":[{"start":{"line":52,"column":8},"end":{"line":56,"column":9}},{"start":{"line":54,"column":15},"end":{"line":56,"column":9}}],"line":52},"7":{"loc":{"start":{"line":58,"column":8},"end":{"line":60,"column":9}},"type":"if","locations":[{"start":{"line":58,"column":8},"end":{"line":60,"column":9}},{"start":{},"end":{}}],"line":58},"8":{"loc":{"start":{"line":62,"column":8},"end":{"line":70,"column":9}},"type":"if","locations":[{"start":{"line":62,"column":8},"end":{"line":70,"column":9}},{"start":{"line":68,"column":15},"end":{"line":70,"column":9}}],"line":62},"9":{"loc":{"start":{"line":62,"column":12},"end":{"line":62,"column":105}},"type":"binary-expr","locations":[{"start":{"line":62,"column":12},"end":{"line":62,"column":33}},{"start":{"line":62,"column":37},"end":{"line":62,"column":57}},{"start":{"line":62,"column":61},"end":{"line":62,"column":81}},{"start":{"line":62,"column":85},"end":{"line":62,"column":105}}],"line":62},"10":{"loc":{"start":{"line":83,"column":4},"end":{"line":85,"column":5}},"type":"if","locations":[{"start":{"line":83,"column":4},"end":{"line":85,"column":5}},{"start":{},"end":{}}],"line":83},"11":{"loc":{"start":{"line":88,"column":4},"end":{"line":90,"column":5}},"type":"if","locations":[{"start":{"line":88,"column":4},"end":{"line":90,"column":5}},{"start":{},"end":{}}],"line":88},"12":{"loc":{"start":{"line":151,"column":13},"end":{"line":154,"column":208}},"type":"cond-expr","locations":[{"start":{"line":152,"column":16},"end":{"line":152,"column":208}},{"start":{"line":154,"column":16},"end":{"line":154,"column":208}}],"line":151}},"s":{"0":4,"1":36,"2":36,"3":36,"4":36,"5":36,"6":36,"7":36,"8":36,"9":36,"10":36,"11":36,"12":18,"13":10,"14":8,"15":18,"16":10,"17":18,"18":12,"19":6,"20":18,"21":12,"22":18,"23":14,"24":4,"25":18,"26":13,"27":18,"28":16,"29":2,"30":18,"31":15,"32":18,"33":2,"34":2,"35":2,"36":2,"37":2,"38":16,"39":36,"40":1,"41":36,"42":36,"43":1,"44":36,"45":36,"46":1,"47":36,"48":1,"49":4},"f":{"0":36,"1":18,"2":1,"3":1},"b":{"0":[10,8],"1":[10,8],"2":[12,6],"3":[12,6],"4":[14,4],"5":[13,5],"6":[16,2],"7":[15,3],"8":[2,16],"9":[18,8,6,4],"10":[1,35],"11":[1,35],"12":[2,34]},"_coverageSchema":"1a1c01bbd47fc00a2c39e90264f33305004495a9","hash":"66f7aeeae63311878735a76ee6e71a50ca8980ca"}
,"/Users/cmorris/Projects/yozu-games-chris/src/screens/Stats/StatsScreen.js": {"path":"/Users/cmorris/Projects/yozu-games-chris/src/screens/Stats/StatsScreen.js","statementMap":{"0":{"start":{"line":5,"column":20},"end":{"line":14,"column":1}},"1":{"start":{"line":6,"column":4},"end":{"line":13,"column":5}},"2":{"start":{"line":16,"column":15},"end":{"line":28,"column":2}}},"fnMap":{"0":{"name":"(anonymous_0)","decl":{"start":{"line":5,"column":20},"end":{"line":5,"column":21}},"loc":{"start":{"line":5,"column":26},"end":{"line":14,"column":1}},"line":5}},"branchMap":{},"s":{"0":4,"1":0,"2":4},"f":{"0":0},"b":{},"_coverageSchema":"1a1c01bbd47fc00a2c39e90264f33305004495a9","hash":"be939d3d52df3bfce71d38915450a52b5ab8ce75"}
}
